<?xml version="1.0" encoding="UTF-8"?>
<!-- Generated by org.testng.reporters.JUnitReportReporter -->
<testsuite hostname="Kyles-MacBook-Pro.local" name="com.albion.ReverseListAdd.ReverseListAddTest" tests="1" failures="0" timestamp="21 Mar 2014 04:15:07 GMT" time="0.001" errors="0">
  <testcase name="addTwoNumbers" time="0.001" classname="com.albion.ReverseListAdd.ReverseListAddTest"/>
</testsuite> <!-- com.albion.ReverseListAdd.ReverseListAddTest -->
