<?xml version="1.0" encoding="UTF-8"?>
<!-- Generated by org.testng.reporters.JUnitReportReporter -->
<testsuite hostname="Kyles-MacBook-Pro.local" name="com.albion.PostOrderIterative.PostOrderTraversalTest" tests="2" failures="0" timestamp="21 Mar 2014 04:15:07 GMT" time="0.002" errors="0">
  <testcase name="postorderTraversal" time="0.001" classname="com.albion.PostOrderIterative.PostOrderTraversalTest"/>
  <testcase name="postorderTraversal" time="0.001" classname="com.albion.PostOrderIterative.PostOrderTraversalTest"/>
</testsuite> <!-- com.albion.PostOrderIterative.PostOrderTraversalTest -->
