<?xml version="1.0" encoding="UTF-8"?>
<!-- Generated by org.testng.reporters.JUnitReportReporter -->
<testsuite hostname="Kyles-MacBook-Pro.local" name="com.albion.atoi.AtoiTest" tests="1" failures="0" timestamp="21 Mar 2014 04:15:07 GMT" time="0.008" errors="0">
  <testcase name="atoi" time="0.008" classname="com.albion.atoi.AtoiTest"/>
</testsuite> <!-- com.albion.atoi.AtoiTest -->
