<?xml version="1.0" encoding="UTF-8"?>
<!-- Generated by org.testng.reporters.JUnitReportReporter -->
<testsuite hostname="Kyles-MacBook-Pro.local" name="com.albion.InsertionSort.InsertionTest" tests="3" failures="0" timestamp="21 Mar 2014 04:15:07 GMT" time="0.000" errors="0">
  <testcase name="insertionSortList" time="0.000" classname="com.albion.InsertionSort.InsertionTest"/>
  <testcase name="insertionSortList" time="0.000" classname="com.albion.InsertionSort.InsertionTest"/>
  <testcase name="insertionSortList" time="0.000" classname="com.albion.InsertionSort.InsertionTest"/>
</testsuite> <!-- com.albion.InsertionSort.InsertionTest -->
