<?xml version="1.0" encoding="UTF-8"?>
<!-- Generated by org.testng.reporters.JUnitReportReporter -->
<testsuite hostname="Kyles-MacBook-Pro.local" name="com.albion.exam.PalindromeTest" tests="1" failures="0" timestamp="12 Feb 2013 04:42:39 GMT" time="0.010" errors="0">
  <testcase name="isPalindrome" time="0.010" classname="com.albion.exam.PalindromeTest"/>
</testsuite> <!-- com.albion.exam.PalindromeTest -->
