<?xml version="1.0" encoding="UTF-8"?>
<!-- Generated by org.testng.reporters.JUnitReportReporter -->
<testsuite hostname="Kyles-MacBook-Pro.local" name="com.albion.RPN.SolutionTest" tests="1" failures="0" timestamp="4 Feb 2014 05:34:50 GMT" time="0.010" errors="0">
  <testcase name="evalRPN" time="0.010" classname="com.albion.RPN.SolutionTest"/>
</testsuite> <!-- com.albion.RPN.SolutionTest -->
